<?xml version="1.0" encoding="UTF-8" ?>
<testsuite tests="10" failures="0" name="com.efimchick.ifmo.io.filetree.FileTreeTest" time="0.211" errors="0" skipped="0">
  <properties>
[...]
</properties>
  <testcase classname="com.efimchick.ifmo.io.filetree.FileTreeTest" name="testEmptyCases" time="0.01"/>
  <testcase classname="com.efimchick.ifmo.io.filetree.FileTreeTest" name="testFileCases" time="0"/>
  <testcase classname="com.efimchick.ifmo.io.filetree.FileTreeTest" name="testDirCase1" time="0.032"/>
  <testcase classname="com.efimchick.ifmo.io.filetree.FileTreeTest" name="testDirCase2" time="0.013"/>
  <testcase classname="com.efimchick.ifmo.io.filetree.FileTreeTest" name="testDirCase3" time="0.025"/>
  <testcase classname="com.efimchick.ifmo.io.filetree.FileTreeTest" name="testDirCase4" time="0.08"/>
  <testcase classname="com.efimchick.ifmo.io.filetree.FileTreeTest" name="testDirCase5" time="0.002"/>
  <testcase classname="com.efimchick.ifmo.io.filetree.FileTreeTest" name="testDirCase6" time="0.003"/>
  <testcase classname="com.efimchick.ifmo.io.filetree.FileTreeTest" name="testDirCase7" time="0.023"/>
  <testcase classname="com.efimchick.ifmo.io.filetree.FileTreeTest" name="testDirCase8" time="0.023"/>
</testsuite>